<?xml version="1.0" encoding="UTF-8"?>
<testng-results ignored="0" total="2" passed="2" failed="0" skipped="0">
  <reporter-output>
  </reporter-output>
  <suite started-at="2025-03-28T21:07:23 IST" name="Suite" finished-at="2025-03-28T21:07:51 IST" duration-ms="28334">
    <groups>
    </groups>
    <test started-at="2025-03-28T21:07:23 IST" name="ChromeTest" finished-at="2025-03-28T21:07:51 IST" duration-ms="28334">
      <class name="test.TC001_SignupTest">
        <test-method is-config="true" signature="setup()[pri:0, instance:test.TC001_SignupTest@77888435]" started-at="2025-03-28T21:07:23 IST" name="setup" finished-at="2025-03-28T21:07:23 IST" duration-ms="32" status="PASS">
          <reporter-output>
          </reporter-output>
        </test-method> <!-- setup -->
        <test-method is-config="true" signature="launchBrowser(java.lang.String,java.lang.String)[pri:0, instance:test.TC001_SignupTest@77888435]" started-at="2025-03-28T21:07:26 IST" name="launchBrowser" finished-at="2025-03-28T21:07:36 IST" duration-ms="9314" status="PASS">
          <params>
            <param index="0">
              <value>
                <![CDATA[Chrome]]>
              </value>
            </param>
            <param index="1">
              <value>
                <![CDATA[https://thinking-tester-contact-list.herokuapp.com/]]>
              </value>
            </param>
          </params>
          <reporter-output>
          </reporter-output>
        </test-method> <!-- launchBrowser -->
        <test-method signature="signupTest(java.lang.String,java.lang.String,java.lang.String,java.lang.String,java.lang.String,java.lang.String)[pri:0, instance:test.TC001_SignupTest@77888435]" started-at="2025-03-28T21:07:36 IST" name="signupTest" data-provider="readData" finished-at="2025-03-28T21:07:39 IST" duration-ms="3882" status="PASS">
          <params>
            <param index="0">
              <value>
                <![CDATA[Leema]]>
              </value>
            </param>
            <param index="1">
              <value>
                <![CDATA[S]]>
              </value>
            </param>
            <param index="2">
              <value>
                <![CDATA[leema12@gmail.com]]>
              </value>
            </param>
            <param index="3">
              <value>
                <![CDATA[Leema.123]]>
              </value>
            </param>
            <param index="4">
              <value>
                <![CDATA[ValidCredentials]]>
              </value>
            </param>
            <param index="5">
              <value>
                <![CDATA[Contact List]]>
              </value>
            </param>
          </params>
          <reporter-output>
          </reporter-output>
        </test-method> <!-- signupTest -->
        <test-method is-config="true" signature="browserClose()[pri:0, instance:test.TC001_SignupTest@77888435]" started-at="2025-03-28T21:07:39 IST" name="browserClose" finished-at="2025-03-28T21:07:39 IST" duration-ms="0" status="PASS">
          <reporter-output>
          </reporter-output>
        </test-method> <!-- browserClose -->
        <test-method is-config="true" signature="launchBrowser(java.lang.String,java.lang.String)[pri:0, instance:test.TC001_SignupTest@77888435]" started-at="2025-03-28T21:07:39 IST" name="launchBrowser" finished-at="2025-03-28T21:07:48 IST" duration-ms="8456" status="PASS">
          <params>
            <param index="0">
              <value>
                <![CDATA[Chrome]]>
              </value>
            </param>
            <param index="1">
              <value>
                <![CDATA[https://thinking-tester-contact-list.herokuapp.com/]]>
              </value>
            </param>
          </params>
          <reporter-output>
          </reporter-output>
        </test-method> <!-- launchBrowser -->
        <test-method signature="signupTest(java.lang.String,java.lang.String,java.lang.String,java.lang.String,java.lang.String,java.lang.String)[pri:0, instance:test.TC001_SignupTest@77888435]" started-at="2025-03-28T21:07:48 IST" name="signupTest" data-provider="readData" finished-at="2025-03-28T21:07:51 IST" duration-ms="3220" status="PASS">
          <params>
            <param index="0">
              <value>
                <![CDATA[Leema]]>
              </value>
            </param>
            <param index="1">
              <value>
                <![CDATA[S]]>
              </value>
            </param>
            <param index="2">
              <value>
                <![CDATA[leema5@gmail.com]]>
              </value>
            </param>
            <param index="3">
              <value>
                <![CDATA[Leema.124]]>
              </value>
            </param>
            <param index="4">
              <value>
                <![CDATA[MailInUse]]>
              </value>
            </param>
            <param index="5">
              <value>
                <![CDATA[Email address is already in use]]>
              </value>
            </param>
          </params>
          <reporter-output>
          </reporter-output>
        </test-method> <!-- signupTest -->
        <test-method is-config="true" signature="browserClose()[pri:0, instance:test.TC001_SignupTest@77888435]" started-at="2025-03-28T21:07:51 IST" name="browserClose" finished-at="2025-03-28T21:07:51 IST" duration-ms="0" status="PASS">
          <reporter-output>
          </reporter-output>
        </test-method> <!-- browserClose -->
      </class> <!-- test.TC001_SignupTest -->
    </test> <!-- ChromeTest -->
  </suite> <!-- Suite -->
</testng-results>
